<?xml version="1.0" encoding="UTF-8"?>
<testng-results skipped="0" failed="0" ignored="0" total="1" passed="1">
  <reporter-output>
  </reporter-output>
  <suite name="Default suite" duration-ms="49" started-at="2017-08-05T11:46:06Z" finished-at="2017-08-05T11:46:06Z">
    <groups>
    </groups>
    <test name="Default test" duration-ms="49" started-at="2017-08-05T11:46:06Z" finished-at="2017-08-05T11:46:06Z">
      <class name="com.epam.lab.jenk.hello.AppTest">
        <test-method status="PASS" signature="test()[pri:0, instance:com.epam.lab.jenk.hello.AppTest@5cc7c2a6]" name="test" duration-ms="26" started-at="2017-08-05T14:46:06Z" finished-at="2017-08-05T14:46:06Z">
          <reporter-output>
          </reporter-output>
        </test-method> <!-- test -->
      </class> <!-- com.epam.lab.jenk.hello.AppTest -->
    </test> <!-- Default test -->
  </suite> <!-- Default suite -->
</testng-results>
